# JRE version: OpenJDK Runtime Environment (8.0_212) (build 1.8.0_212-release-1586-b4-5784211)
# Java VM: OpenJDK 64-Bit Server VM (25.212-b4-5784211 mixed mode bsd-amd64 compressed oops)
Heap:
 PSYoungGen      total 228864K, used 68811K [0x00000007a0000000, 0x00000007b5600000, 0x00000007c0000000)
  eden space 213504K, 25% used [0x00000007a0000000,0x00000007a3434780,0x00000007ad080000)
  from space 15360K, 99% used [0x00000007ad080000,0x00000007adf7e620,0x00000007adf80000)
  to   space 22528K, 59% used [0x00000007b4000000,0x00000007b4d304f0,0x00000007b5600000)
 ParOldGen       total 98304K, used 26566K [0x0000000760000000, 0x0000000766000000, 0x00000007a0000000)
  object space 98304K, 27% used [0x0000000760000000,0x00000007619f1958,0x0000000766000000)
 Metaspace       used 56900K, capacity 59006K, committed 59096K, reserved 1099776K
  class space    used 7891K, capacity 8358K, committed 8448K, reserved 1048576K
GC Heap History (10 events):
Event: 6.605 GC heap after
Heap after GC invocations=5 (full 1):
 PSYoungGen      total 138240K, used 0K [0x00000007a0000000, 0x00000007a8c00000, 0x00000007c0000000)
  eden space 133120K, 0% used [0x00000007a0000000,0x00000007a0000000,0x00000007a8200000)
  from space 5120K, 0% used [0x00000007a8700000,0x00000007a8700000,0x00000007a8c00000)
  to   space 5120K, 0% used [0x00000007a8200000,0x00000007a8200000,0x00000007a8700000)
 ParOldGen       total 66048K, used 11531K [0x0000000760000000, 0x0000000764080000, 0x00000007a0000000)
  object space 66048K, 17% used [0x0000000760000000,0x0000000760b42c48,0x0000000764080000)
 Metaspace       used 20581K, capacity 21116K, committed 21296K, reserved 1067008K
  class space    used 2974K, capacity 3132K, committed 3200K, reserved 1048576K
}
Event: 9.867 GC heap before
{Heap before GC invocations=6 (full 1):
 PSYoungGen      total 138240K, used 133120K [0x00000007a0000000, 0x00000007a8c00000, 0x00000007c0000000)
  eden space 133120K, 100% used [0x00000007a0000000,0x00000007a8200000,0x00000007a8200000)
  from space 5120K, 0% used [0x00000007a8700000,0x00000007a8700000,0x00000007a8c00000)
  to   space 5120K, 0% used [0x00000007a8200000,0x00000007a8200000,0x00000007a8700000)
 ParOldGen       total 66048K, used 11531K [0x0000000760000000, 0x0000000764080000, 0x00000007a0000000)
  object space 66048K, 17% used [0x0000000760000000,0x0000000760b42c48,0x0000000764080000)
 Metaspace       used 31807K, capacity 32382K, committed 32512K, reserved 1077248K
  class space    used 4366K, capacity 4558K, committed 4608K, reserved 1048576K
Event: 9.907 GC heap after
Heap after GC invocations=6 (full 1):
 PSYoungGen      total 138240K, used 5120K [0x00000007a0000000, 0x00000007af080000, 0x00000007c0000000)
  eden space 133120K, 0% used [0x00000007a0000000,0x00000007a0000000,0x00000007a8200000)
  from space 5120K, 100% used [0x00000007a8200000,0x00000007a8700000,0x00000007a8700000)
  to   space 15872K, 0% used [0x00000007ae100000,0x00000007ae100000,0x00000007af080000)
 ParOldGen       total 66048K, used 18684K [0x0000000760000000, 0x0000000764080000, 0x00000007a0000000)
  object space 66048K, 28% used [0x0000000760000000,0x000000076123f128,0x0000000764080000)
 Metaspace       used 31807K, capacity 32382K, committed 32512K, reserved 1077248K
  class space    used 4366K, capacity 4558K, committed 4608K, reserved 1048576K
}
Event: 11.364 GC heap before
{Heap before GC invocations=7 (full 1):
 PSYoungGen      total 138240K, used 68484K [0x00000007a0000000, 0x00000007af080000, 0x00000007c0000000)
  eden space 133120K, 47% used [0x00000007a0000000,0x00000007a3de13a8,0x00000007a8200000)
  from space 5120K, 100% used [0x00000007a8200000,0x00000007a8700000,0x00000007a8700000)
  to   space 15872K, 0% used [0x00000007ae100000,0x00000007ae100000,0x00000007af080000)
 ParOldGen       total 66048K, used 18684K [0x0000000760000000, 0x0000000764080000, 0x00000007a0000000)
  object space 66048K, 28% used [0x0000000760000000,0x000000076123f128,0x0000000764080000)
 Metaspace       used 34495K, capacity 35380K, committed 35456K, reserved 1079296K
  class space    used 4752K, capacity 4977K, committed 4992K, reserved 1048576K
Event: 11.382 GC heap after
Heap after GC invocations=7 (full 1):
 PSYoungGen      total 227328K, used 9516K [0x00000007a0000000, 0x00000007aee80000, 0x00000007c0000000)
  eden space 213504K, 0% used [0x00000007a0000000,0x00000007a0000000,0x00000007ad080000)
  from space 13824K, 68% used [0x00000007ae100000,0x00000007aea4b3d8,0x00000007aee80000)
  to   space 15360K, 0% used [0x00000007ad080000,0x00000007ad080000,0x00000007adf80000)
 ParOldGen       total 66048K, used 18692K [0x0000000760000000, 0x0000000764080000, 0x00000007a0000000)
  object space 66048K, 28% used [0x0000000760000000,0x0000000761241128,0x0000000764080000)
 Metaspace       used 34495K, capacity 35380K, committed 35456K, reserved 1079296K
  class space    used 4752K, capacity 4977K, committed 4992K, reserved 1048576K
}
Event: 11.382 GC heap before
{Heap before GC invocations=8 (full 2):
 PSYoungGen      total 227328K, used 9516K [0x00000007a0000000, 0x00000007aee80000, 0x00000007c0000000)
  eden space 213504K, 0% used [0x00000007a0000000,0x00000007a0000000,0x00000007ad080000)
  from space 13824K, 68% used [0x00000007ae100000,0x00000007aea4b3d8,0x00000007aee80000)
  to   space 15360K, 0% used [0x00000007ad080000,0x00000007ad080000,0x00000007adf80000)
 ParOldGen       total 66048K, used 18692K [0x0000000760000000, 0x0000000764080000, 0x00000007a0000000)
  object space 66048K, 28% used [0x0000000760000000,0x0000000761241128,0x0000000764080000)
 Metaspace       used 34495K, capacity 35380K, committed 35456K, reserved 1079296K
  class space    used 4752K, capacity 4977K, committed 4992K, reserved 1048576K
Event: 11.496 GC heap after
Heap after GC invocations=8 (full 2):
 PSYoungGen      total 227328K, used 0K [0x00000007a0000000, 0x00000007aee80000, 0x00000007c0000000)
  eden space 213504K, 0% used [0x00000007a0000000,0x00000007a0000000,0x00000007ad080000)
  from space 13824K, 0% used [0x00000007ae100000,0x00000007ae100000,0x00000007aee80000)
  to   space 15360K, 0% used [0x00000007ad080000,0x00000007ad080000,0x00000007adf80000)
 ParOldGen       total 98304K, used 16622K [0x0000000760000000, 0x0000000766000000, 0x00000007a0000000)
  object space 98304K, 16% used [0x0000000760000000,0x000000076103b958,0x0000000766000000)
 Metaspace       used 34482K, capacity 35338K, committed 35456K, reserved 1079296K
  class space    used 4749K, capacity 4970K, committed 4992K, reserved 1048576K
}
Event: 18.163 GC heap before
{Heap before GC invocations=9 (full 2):
 PSYoungGen      total 227328K, used 213504K [0x00000007a0000000, 0x00000007aee80000, 0x00000007c0000000)
  eden space 213504K, 100% used [0x00000007a0000000,0x00000007ad080000,0x00000007ad080000)
  from space 13824K, 0% used [0x00000007ae100000,0x00000007ae100000,0x00000007aee80000)
  to   space 15360K, 0% used [0x00000007ad080000,0x00000007ad080000,0x00000007adf80000)
 ParOldGen       total 98304K, used 16622K [0x0000000760000000, 0x0000000766000000, 0x00000007a0000000)
  object space 98304K, 16% used [0x0000000760000000,0x000000076103b958,0x0000000766000000)
 Metaspace       used 53907K, capacity 55624K, committed 55808K, reserved 1097728K
  class space    used 7449K, capacity 7845K, committed 7936K, reserved 1048576K
Event: 18.219 GC heap after
Heap after GC invocations=9 (full 2):
 PSYoungGen      total 228864K, used 15353K [0x00000007a0000000, 0x00000007b5600000, 0x00000007c0000000)
  eden space 213504K, 0% used [0x00000007a0000000,0x00000007a0000000,0x00000007ad080000)
  from space 15360K, 99% used [0x00000007ad080000,0x00000007adf7e620,0x00000007adf80000)
  to   space 22528K, 0% used [0x00000007b4000000,0x00000007b4000000,0x00000007b5600000)
 ParOldGen       total 98304K, used 26558K [0x0000000760000000, 0x0000000766000000, 0x00000007a0000000)
  object space 98304K, 27% used [0x0000000760000000,0x00000007619ef958,0x0000000766000000)
 Metaspace       used 53907K, capacity 55624K, committed 55808K, reserved 1097728K
  class space    used 7449K, capacity 7845K, committed 7936K, reserved 1048576K
}
Event: 20.260 GC heap before
{Heap before GC invocations=10 (full 2):
 PSYoungGen      total 228864K, used 68811K [0x00000007a0000000, 0x00000007b5600000, 0x00000007c0000000)
  eden space 213504K, 25% used [0x00000007a0000000,0x00000007a3434780,0x00000007ad080000)
  from space 15360K, 99% used [0x00000007ad080000,0x00000007adf7e620,0x00000007adf80000)
  to   space 22528K, 0% used [0x00000007b4000000,0x00000007b4000000,0x00000007b5600000)
 ParOldGen       total 98304K, used 26558K [0x0000000760000000, 0x0000000766000000, 0x00000007a0000000)
  object space 98304K, 27% used [0x0000000760000000,0x00000007619ef958,0x0000000766000000)
 Metaspace       used 56900K, capacity 59006K, committed 59096K, reserved 1099776K
  class space    used 7891K, capacity 8358K, committed 8448K, reserved 1048576K

