# JRE version: OpenJDK Runtime Environment (8.0_212) (build 1.8.0_212-release-1586-b4-5784211)
# Java VM: OpenJDK 64-Bit Server VM (25.212-b4-5784211 mixed mode bsd-amd64 compressed oops)
Heap:
 PSYoungGen      total 71680K, used 56441K [0x00000007a0000000, 0x00000007a4b00000, 0x00000007c0000000)
  eden space 66560K, 77% used [0x00000007a0000000,0x00000007a3226400,0x00000007a4100000)
  from space 5120K, 99% used [0x00000007a4600000,0x00000007a4af8040,0x00000007a4b00000)
  to   space 5120K, 99% used [0x00000007a4100000,0x00000007a45fd040,0x00000007a4600000)
 ParOldGen       total 87552K, used 5843K [0x0000000760000000, 0x0000000765580000, 0x00000007a0000000)
  object space 87552K, 6% used [0x0000000760000000,0x00000007605b4ed0,0x0000000765580000)
 Metaspace       used 20564K, capacity 21116K, committed 21296K, reserved 1067008K
  class space    used 2971K, capacity 3132K, committed 3200K, reserved 1048576K
GC Heap History (9 events):
Event: 1.626 GC heap before
{Heap before GC invocations=1 (full 0):
 PSYoungGen      total 38400K, used 33280K [0x00000007a0000000, 0x00000007a2a80000, 0x00000007c0000000)
  eden space 33280K, 100% used [0x00000007a0000000,0x00000007a2080000,0x00000007a2080000)
  from space 5120K, 0% used [0x00000007a2580000,0x00000007a2580000,0x00000007a2a80000)
  to   space 5120K, 0% used [0x00000007a2080000,0x00000007a2080000,0x00000007a2580000)
 ParOldGen       total 87552K, used 0K [0x0000000760000000, 0x0000000765580000, 0x00000007a0000000)
  object space 87552K, 0% used [0x0000000760000000,0x0000000760000000,0x0000000765580000)
 Metaspace       used 6958K, capacity 7196K, committed 7424K, reserved 1056768K
  class space    used 851K, capacity 912K, committed 1024K, reserved 1048576K
Event: 1.636 GC heap after
Heap after GC invocations=1 (full 0):
 PSYoungGen      total 38400K, used 4334K [0x00000007a0000000, 0x00000007a2a80000, 0x00000007c0000000)
  eden space 33280K, 0% used [0x00000007a0000000,0x00000007a0000000,0x00000007a2080000)
  from space 5120K, 84% used [0x00000007a2080000,0x00000007a24bbaf8,0x00000007a2580000)
  to   space 5120K, 0% used [0x00000007a2580000,0x00000007a2580000,0x00000007a2a80000)
 ParOldGen       total 87552K, used 8K [0x0000000760000000, 0x0000000765580000, 0x00000007a0000000)
  object space 87552K, 0% used [0x0000000760000000,0x0000000760002000,0x0000000765580000)
 Metaspace       used 6958K, capacity 7196K, committed 7424K, reserved 1056768K
  class space    used 851K, capacity 912K, committed 1024K, reserved 1048576K
}
Event: 2.268 GC heap before
{Heap before GC invocations=2 (full 0):
 PSYoungGen      total 38400K, used 37614K [0x00000007a0000000, 0x00000007a2a80000, 0x00000007c0000000)
  eden space 33280K, 100% used [0x00000007a0000000,0x00000007a2080000,0x00000007a2080000)
  from space 5120K, 84% used [0x00000007a2080000,0x00000007a24bbaf8,0x00000007a2580000)
  to   space 5120K, 0% used [0x00000007a2580000,0x00000007a2580000,0x00000007a2a80000)
 ParOldGen       total 87552K, used 8K [0x0000000760000000, 0x0000000765580000, 0x00000007a0000000)
  object space 87552K, 0% used [0x0000000760000000,0x0000000760002000,0x0000000765580000)
 Metaspace       used 8877K, capacity 9138K, committed 9216K, reserved 1056768K
  class space    used 1149K, capacity 1223K, committed 1280K, reserved 1048576K
Event: 2.276 GC heap after
Heap after GC invocations=2 (full 0):
 PSYoungGen      total 38400K, used 4573K [0x00000007a0000000, 0x00000007a2a80000, 0x00000007c0000000)
  eden space 33280K, 0% used [0x00000007a0000000,0x00000007a0000000,0x00000007a2080000)
  from space 5120K, 89% used [0x00000007a2580000,0x00000007a29f76e0,0x00000007a2a80000)
  to   space 5120K, 0% used [0x00000007a2080000,0x00000007a2080000,0x00000007a2580000)
 ParOldGen       total 87552K, used 16K [0x0000000760000000, 0x0000000765580000, 0x00000007a0000000)
  object space 87552K, 0% used [0x0000000760000000,0x0000000760004000,0x0000000765580000)
 Metaspace       used 8877K, capacity 9138K, committed 9216K, reserved 1056768K
  class space    used 1149K, capacity 1223K, committed 1280K, reserved 1048576K
}
Event: 3.478 GC heap before
{Heap before GC invocations=3 (full 0):
 PSYoungGen      total 38400K, used 37853K [0x00000007a0000000, 0x00000007a2a80000, 0x00000007c0000000)
  eden space 33280K, 100% used [0x00000007a0000000,0x00000007a2080000,0x00000007a2080000)
  from space 5120K, 89% used [0x00000007a2580000,0x00000007a29f76e0,0x00000007a2a80000)
  to   space 5120K, 0% used [0x00000007a2080000,0x00000007a2080000,0x00000007a2580000)
 ParOldGen       total 87552K, used 16K [0x0000000760000000, 0x0000000765580000, 0x00000007a0000000)
  object space 87552K, 0% used [0x0000000760000000,0x0000000760004000,0x0000000765580000)
 Metaspace       used 13068K, capacity 13572K, committed 13824K, reserved 1060864K
  class space    used 1802K, capacity 1968K, committed 2048K, reserved 1048576K
Event: 3.501 GC heap after
Heap after GC invocations=3 (full 0):
 PSYoungGen      total 38400K, used 5088K [0x00000007a0000000, 0x00000007a4b00000, 0x00000007c0000000)
  eden space 33280K, 0% used [0x00000007a0000000,0x00000007a0000000,0x00000007a2080000)
  from space 5120K, 99% used [0x00000007a2080000,0x00000007a25783d0,0x00000007a2580000)
  to   space 5120K, 0% used [0x00000007a4600000,0x00000007a4600000,0x00000007a4b00000)
 ParOldGen       total 87552K, used 1894K [0x0000000760000000, 0x0000000765580000, 0x00000007a0000000)
  object space 87552K, 2% used [0x0000000760000000,0x00000007601d99e0,0x0000000765580000)
 Metaspace       used 13068K, capacity 13572K, committed 13824K, reserved 1060864K
  class space    used 1802K, capacity 1968K, committed 2048K, reserved 1048576K
}
Event: 4.333 GC heap before
{Heap before GC invocations=4 (full 0):
 PSYoungGen      total 38400K, used 38368K [0x00000007a0000000, 0x00000007a4b00000, 0x00000007c0000000)
  eden space 33280K, 100% used [0x00000007a0000000,0x00000007a2080000,0x00000007a2080000)
  from space 5120K, 99% used [0x00000007a2080000,0x00000007a25783d0,0x00000007a2580000)
  to   space 5120K, 0% used [0x00000007a4600000,0x00000007a4600000,0x00000007a4b00000)
 ParOldGen       total 87552K, used 1894K [0x0000000760000000, 0x0000000765580000, 0x00000007a0000000)
  object space 87552K, 2% used [0x0000000760000000,0x00000007601d99e0,0x0000000765580000)
 Metaspace       used 15719K, capacity 16216K, committed 16512K, reserved 1062912K
  class space    used 2236K, capacity 2406K, committed 2432K, reserved 1048576K
Event: 4.354 GC heap after
Heap after GC invocations=4 (full 0):
 PSYoungGen      total 71680K, used 5088K [0x00000007a0000000, 0x00000007a4b00000, 0x00000007c0000000)
  eden space 66560K, 0% used [0x00000007a0000000,0x00000007a0000000,0x00000007a4100000)
  from space 5120K, 99% used [0x00000007a4600000,0x00000007a4af8040,0x00000007a4b00000)
  to   space 5120K, 0% used [0x00000007a4100000,0x00000007a4100000,0x00000007a4600000)
 ParOldGen       total 87552K, used 4683K [0x0000000760000000, 0x0000000765580000, 0x00000007a0000000)
  object space 87552K, 5% used [0x0000000760000000,0x0000000760492ed0,0x0000000765580000)
 Metaspace       used 15719K, capacity 16216K, committed 16512K, reserved 1062912K
  class space    used 2236K, capacity 2406K, committed 2432K, reserved 1048576K
}
Event: 6.173 GC heap before
{Heap before GC invocations=5 (full 0):
 PSYoungGen      total 71680K, used 56441K [0x00000007a0000000, 0x00000007a4b00000, 0x00000007c0000000)
  eden space 66560K, 77% used [0x00000007a0000000,0x00000007a3226400,0x00000007a4100000)
  from space 5120K, 99% used [0x00000007a4600000,0x00000007a4af8040,0x00000007a4b00000)
  to   space 5120K, 0% used [0x00000007a4100000,0x00000007a4100000,0x00000007a4600000)
 ParOldGen       total 87552K, used 4683K [0x0000000760000000, 0x0000000765580000, 0x00000007a0000000)
  object space 87552K, 5% used [0x0000000760000000,0x0000000760492ed0,0x0000000765580000)
 Metaspace       used 20564K, capacity 21116K, committed 21296K, reserved 1067008K
  class space    used 2971K, capacity 3132K, committed 3200K, reserved 1048576K

